This file contains any messages produced by compilers while
running configure, to aid debugging if configure makes a mistake.

It was created by HydroConstruct configure 1.0, which was
generated by GNU Autoconf 2.71.  Invocation command line was

  $ ./configure

## --------- ##
## Platform. ##
## --------- ##

hostname = JUTE-HF
uname -m = x86_64
uname -r = 20.6.0
uname -s = Darwin
uname -v = Darwin Kernel Version 20.6.0: Mon Aug 29 04:31:06 PDT 2022; root:xnu-7195.141.39~2/RELEASE_X86_64

/usr/bin/uname -p = i386
/bin/uname -X     = unknown

/bin/arch              = unknown
/usr/bin/arch -k       = unknown
/usr/convex/getsysinfo = unknown
/usr/bin/hostinfo      = Mach kernel version:
	 Darwin Kernel Version 20.6.0: Mon Aug 29 04:31:06 PDT 2022; root:xnu-7195.141.39~2/RELEASE_X86_64
Kernel configured for up to 16 processors.
8 processors are physically available.
16 processors are logically available.
Processor type: x86_64h (Intel x86-64h Haswell)
Processors active: 0 1 2 3 4 5 6 7 8 9 10 11 12 13 14 15
Primary memory available: 32.00 gigabytes
Default processor set: 784 tasks, 3302 threads, 16 processors
Load average: 4.41, Mach factor: 11.57
/bin/machine           = unknown
/usr/bin/oslevel       = unknown
/bin/universe          = unknown

PATH: /opt/anaconda3/bin/
PATH: /opt/anaconda3/condabin/
PATH: /opt/local/bin/
PATH: /opt/local/sbin/
PATH: /usr/local/bin/
PATH: /usr/bin/
PATH: /bin/
PATH: /usr/sbin/
PATH: /sbin/
PATH: /usr/local/laps/
PATH: /usr/local/munki/
PATH: /opt/X11/bin/
PATH: /Library/Apple/usr/bin/


## ----------- ##
## Core tests. ##
## ----------- ##

configure:2333: looking for aux files: config.guess config.sub compile missing install-sh
configure:2346:  trying ./
configure:2375:   ./config.guess found
configure:2375:   ./config.sub found
configure:2375:   ./compile found
configure:2375:   ./missing found
configure:2357:   ./install-sh found
configure:2507: checking for a BSD-compatible install
configure:2580: result: /opt/local/bin/ginstall -c
configure:2591: checking whether build environment is sane
configure:2646: result: yes
configure:2805: checking for a race-free mkdir -p
configure:2849: result: /opt/local/bin/gmkdir -p
configure:2856: checking for gawk
configure:2891: result: no
configure:2856: checking for mawk
configure:2891: result: no
configure:2856: checking for nawk
configure:2891: result: no
configure:2856: checking for awk
configure:2877: found /usr/bin/awk
configure:2888: result: awk
configure:2899: checking whether make sets $(MAKE)
configure:2922: result: yes
configure:2952: checking whether make supports nested variables
configure:2970: result: yes
configure:3156: checking for gcc
configure:3177: found /usr/bin/gcc
configure:3188: result: gcc
configure:3541: checking for C compiler version
configure:3550: gcc --version >&5
Apple clang version 13.0.0 (clang-1300.0.29.30)
Target: x86_64-apple-darwin20.6.0
Thread model: posix
InstalledDir: /Applications/Xcode.app/Contents/Developer/Toolchains/XcodeDefault.xctoolchain/usr/bin
Configured with: --prefix=/Applications/Xcode.app/Contents/Developer/usr --with-gxx-include-dir=/Applications/Xcode.app/Contents/Developer/Platforms/MacOSX.platform/Developer/SDKs/MacOSX.sdk/usr/include/c++/4.2.1
configure:3561: $? = 0
configure:3550: gcc -v >&5
Configured with: --prefix=/Applications/Xcode.app/Contents/Developer/usr --with-gxx-include-dir=/Applications/Xcode.app/Contents/Developer/Platforms/MacOSX.platform/Developer/SDKs/MacOSX.sdk/usr/include/c++/4.2.1
Apple clang version 13.0.0 (clang-1300.0.29.30)
Target: x86_64-apple-darwin20.6.0
Thread model: posix
InstalledDir: /Applications/Xcode.app/Contents/Developer/Toolchains/XcodeDefault.xctoolchain/usr/bin
configure:3561: $? = 0
configure:3550: gcc -V >&5
clang: error: argument to '-V' is missing (expected 1 value)
clang: error: no input files
configure:3561: $? = 1
configure:3550: gcc -qversion >&5
clang: error: unknown argument '-qversion'; did you mean '--version'?
clang: error: no input files
configure:3561: $? = 1
configure:3550: gcc -version >&5
clang: error: unknown argument '-version'; did you mean '--version'?
clang: error: no input files
configure:3561: $? = 1
configure:3581: checking whether the C compiler works
configure:3603: gcc    conftest.c  >&5
configure:3607: $? = 0
configure:3657: result: yes
configure:3660: checking for C compiler default output file name
configure:3662: result: a.out
configure:3668: checking for suffix of executables
configure:3675: gcc -o conftest    conftest.c  >&5
configure:3679: $? = 0
configure:3702: result: 
configure:3724: checking whether we are cross compiling
configure:3732: gcc -o conftest    conftest.c  >&5
configure:3736: $? = 0
configure:3743: ./conftest
configure:3747: $? = 0
configure:3762: result: no
configure:3767: checking for suffix of object files
configure:3790: gcc -c   conftest.c >&5
configure:3794: $? = 0
configure:3816: result: o
configure:3820: checking whether the compiler supports GNU C
configure:3840: gcc -c   conftest.c >&5
configure:3840: $? = 0
configure:3850: result: yes
configure:3861: checking whether gcc accepts -g
configure:3882: gcc -c -g  conftest.c >&5
configure:3882: $? = 0
configure:3926: result: yes
configure:3946: checking for gcc option to enable C11 features
configure:3961: gcc  -c -g -O2  conftest.c >&5
configure:3961: $? = 0
configure:3979: result: none needed
configure:4095: checking whether gcc understands -c and -o together
configure:4118: gcc -c conftest.c -o conftest2.o
configure:4121: $? = 0
configure:4118: gcc -c conftest.c -o conftest2.o
configure:4121: $? = 0
configure:4133: result: yes
configure:4153: checking whether make supports the include directive
configure:4168: make -f confmf.GNU && cat confinc.out
this is the am__doit target
configure:4171: $? = 0
configure:4190: result: yes (GNU style)
configure:4216: checking dependency style of gcc
configure:4328: result: gcc3
configure:4348: checking for abs in -lm
configure:4371: gcc -o conftest -g -O2   conftest.c -lm   >&5
conftest.c:15:6: warning: incompatible redeclaration of library function 'abs' [-Wincompatible-library-redeclaration]
char abs ();
     ^
conftest.c:15:6: note: 'abs' is a builtin with type 'int (int)'
1 warning generated.
configure:4371: $? = 0
configure:4381: result: yes
configure:4396: checking for ncopen in -lnetcdf
configure:4419: gcc -o conftest -g -O2   conftest.c -lnetcdf  -lm  >&5
configure:4419: $? = 0
configure:4429: result: yes
configure:4452: checking for stdio.h
configure:4452: gcc -c -g -O2  conftest.c >&5
configure:4452: $? = 0
configure:4452: result: yes
configure:4452: checking for stdlib.h
configure:4452: gcc -c -g -O2  conftest.c >&5
configure:4452: $? = 0
configure:4452: result: yes
configure:4452: checking for string.h
configure:4452: gcc -c -g -O2  conftest.c >&5
configure:4452: $? = 0
configure:4452: result: yes
configure:4452: checking for inttypes.h
configure:4452: gcc -c -g -O2  conftest.c >&5
configure:4452: $? = 0
configure:4452: result: yes
configure:4452: checking for stdint.h
configure:4452: gcc -c -g -O2  conftest.c >&5
configure:4452: $? = 0
configure:4452: result: yes
configure:4452: checking for strings.h
configure:4452: gcc -c -g -O2  conftest.c >&5
configure:4452: $? = 0
configure:4452: result: yes
configure:4452: checking for sys/stat.h
configure:4452: gcc -c -g -O2  conftest.c >&5
configure:4452: $? = 0
configure:4452: result: yes
configure:4452: checking for sys/types.h
configure:4452: gcc -c -g -O2  conftest.c >&5
configure:4452: $? = 0
configure:4452: result: yes
configure:4452: checking for unistd.h
configure:4452: gcc -c -g -O2  conftest.c >&5
configure:4452: $? = 0
configure:4452: result: yes
configure:4477: checking for fcntl.h
configure:4477: gcc -c -g -O2  conftest.c >&5
configure:4477: $? = 0
configure:4477: result: yes
configure:4483: checking for malloc.h
configure:4483: gcc -c -g -O2  conftest.c >&5
conftest.c:52:10: fatal error: 'malloc.h' file not found
#include <malloc.h>
         ^~~~~~~~~~
1 error generated.
configure:4483: $? = 1
configure: failed program was:
| /* confdefs.h */
| #define PACKAGE_NAME "HydroConstruct"
| #define PACKAGE_TARNAME "hydroconstruct"
| #define PACKAGE_VERSION "1.0"
| #define PACKAGE_STRING "HydroConstruct 1.0"
| #define PACKAGE_BUGREPORT "bec.gorton@csiro.au"
| #define PACKAGE_URL ""
| #define PACKAGE "hydroconstruct"
| #define VERSION "1.0"
| #define HAVE_LIBM 1
| #define HAVE_LIBNETCDF 1
| #define HAVE_STDIO_H 1
| #define HAVE_STDLIB_H 1
| #define HAVE_STRING_H 1
| #define HAVE_INTTYPES_H 1
| #define HAVE_STDINT_H 1
| #define HAVE_STRINGS_H 1
| #define HAVE_SYS_STAT_H 1
| #define HAVE_SYS_TYPES_H 1
| #define HAVE_UNISTD_H 1
| #define STDC_HEADERS 1
| #define HAVE_FCNTL_H 1
| /* end confdefs.h.  */
| #include <stddef.h>
| #ifdef HAVE_STDIO_H
| # include <stdio.h>
| #endif
| #ifdef HAVE_STDLIB_H
| # include <stdlib.h>
| #endif
| #ifdef HAVE_STRING_H
| # include <string.h>
| #endif
| #ifdef HAVE_INTTYPES_H
| # include <inttypes.h>
| #endif
| #ifdef HAVE_STDINT_H
| # include <stdint.h>
| #endif
| #ifdef HAVE_STRINGS_H
| # include <strings.h>
| #endif
| #ifdef HAVE_SYS_TYPES_H
| # include <sys/types.h>
| #endif
| #ifdef HAVE_SYS_STAT_H
| # include <sys/stat.h>
| #endif
| #ifdef HAVE_UNISTD_H
| # include <unistd.h>
| #endif
| #include <malloc.h>
configure:4483: result: no
configure:4489: checking for stdlib.h
configure:4489: result: yes
configure:4495: checking for string.h
configure:4495: result: yes
configure:4512: checking build system type
configure:4527: result: x86_64-apple-darwin20.6.0
configure:4547: checking host system type
configure:4561: result: x86_64-apple-darwin20.6.0
configure:4581: checking for GNU libc compatible malloc
configure:4613: gcc -o conftest -g -O2   conftest.c -lnetcdf -lm  >&5
configure:4613: $? = 0
configure:4613: ./conftest
configure:4613: $? = 0
configure:4624: result: yes
configure:4646: checking for floor
configure:4646: gcc -o conftest -g -O2   conftest.c -lnetcdf -lm  >&5
conftest.c:43:6: warning: incompatible redeclaration of library function 'floor' [-Wincompatible-library-redeclaration]
char floor ();
     ^
conftest.c:43:6: note: 'floor' is a builtin with type 'double (double)'
1 warning generated.
configure:4646: $? = 0
configure:4646: result: yes
configure:4652: checking for memset
configure:4652: gcc -o conftest -g -O2   conftest.c -lnetcdf -lm  >&5
conftest.c:44:6: warning: incompatible redeclaration of library function 'memset' [-Wincompatible-library-redeclaration]
char memset ();
     ^
conftest.c:44:6: note: 'memset' is a builtin with type 'void *(void *, int, unsigned long)'
1 warning generated.
configure:4652: $? = 0
configure:4652: result: yes
configure:4658: checking for pow
configure:4658: gcc -o conftest -g -O2   conftest.c -lnetcdf -lm  >&5
conftest.c:45:6: warning: incompatible redeclaration of library function 'pow' [-Wincompatible-library-redeclaration]
char pow ();
     ^
conftest.c:45:6: note: 'pow' is a builtin with type 'double (double, double)'
1 warning generated.
configure:4658: $? = 0
configure:4658: result: yes
configure:4664: checking for strrchr
configure:4664: gcc -o conftest -g -O2   conftest.c -lnetcdf -lm  >&5
conftest.c:46:6: warning: incompatible redeclaration of library function 'strrchr' [-Wincompatible-library-redeclaration]
char strrchr ();
     ^
conftest.c:46:6: note: 'strrchr' is a builtin with type 'char *(const char *, int)'
1 warning generated.
configure:4664: $? = 0
configure:4664: result: yes
configure:4670: checking for strstr
configure:4670: gcc -o conftest -g -O2   conftest.c -lnetcdf -lm  >&5
conftest.c:47:6: warning: incompatible redeclaration of library function 'strstr' [-Wincompatible-library-redeclaration]
char strstr ();
     ^
conftest.c:47:6: note: 'strstr' is a builtin with type 'char *(const char *, const char *)'
1 warning generated.
configure:4670: $? = 0
configure:4670: result: yes
configure:4789: checking that generated files are newer than configure
configure:4795: result: done
configure:4818: creating ./config.status

## ---------------------- ##
## Running config.status. ##
## ---------------------- ##

This file was extended by HydroConstruct config.status 1.0, which was
generated by GNU Autoconf 2.71.  Invocation command line was

  CONFIG_FILES    = 
  CONFIG_HEADERS  = 
  CONFIG_LINKS    = 
  CONFIG_COMMANDS = 
  $ ./config.status 

on JUTE-HF

config.status:862: creating Makefile
config.status:862: creating config.h
config.status:1043: config.h is unchanged
config.status:1091: executing depfiles commands
config.status:1168: cd .       && sed -e '/# am--include-marker/d' Makefile         | make -f - am--depfiles
make: Nothing to be done for `am--depfiles'.
config.status:1173: $? = 0

## ---------------- ##
## Cache variables. ##
## ---------------- ##

ac_cv_build=x86_64-apple-darwin20.6.0
ac_cv_c_compiler_gnu=yes
ac_cv_env_CC_set=
ac_cv_env_CC_value=
ac_cv_env_CFLAGS_set=
ac_cv_env_CFLAGS_value=
ac_cv_env_CPPFLAGS_set=
ac_cv_env_CPPFLAGS_value=
ac_cv_env_LDFLAGS_set=
ac_cv_env_LDFLAGS_value=
ac_cv_env_LIBS_set=
ac_cv_env_LIBS_value=
ac_cv_env_build_alias_set=
ac_cv_env_build_alias_value=
ac_cv_env_host_alias_set=
ac_cv_env_host_alias_value=
ac_cv_env_target_alias_set=
ac_cv_env_target_alias_value=
ac_cv_func_floor=yes
ac_cv_func_malloc_0_nonnull=yes
ac_cv_func_memset=yes
ac_cv_func_pow=yes
ac_cv_func_strrchr=yes
ac_cv_func_strstr=yes
ac_cv_header_fcntl_h=yes
ac_cv_header_inttypes_h=yes
ac_cv_header_malloc_h=no
ac_cv_header_stdint_h=yes
ac_cv_header_stdio_h=yes
ac_cv_header_stdlib_h=yes
ac_cv_header_string_h=yes
ac_cv_header_strings_h=yes
ac_cv_header_sys_stat_h=yes
ac_cv_header_sys_types_h=yes
ac_cv_header_unistd_h=yes
ac_cv_host=x86_64-apple-darwin20.6.0
ac_cv_lib_m_abs=yes
ac_cv_lib_netcdf_ncopen=yes
ac_cv_objext=o
ac_cv_path_install='/opt/local/bin/ginstall -c'
ac_cv_path_mkdir=/opt/local/bin/gmkdir
ac_cv_prog_AWK=awk
ac_cv_prog_ac_ct_CC=gcc
ac_cv_prog_cc_c11=
ac_cv_prog_cc_g=yes
ac_cv_prog_cc_stdc=
ac_cv_prog_make_make_set=yes
am_cv_CC_dependencies_compiler_type=gcc3
am_cv_make_support_nested_variables=yes
am_cv_prog_cc_c_o=yes

## ----------------- ##
## Output variables. ##
## ----------------- ##

ACLOCAL='${SHELL} '\''/Users/ful083/AtlantisRepository/HydroConstruct/trunk/missing'\'' aclocal-1.16'
AMDEPBACKSLASH='\'
AMDEP_FALSE='#'
AMDEP_TRUE=''
AMTAR='$${TAR-tar}'
AM_BACKSLASH='\'
AM_DEFAULT_V='$(AM_DEFAULT_VERBOSITY)'
AM_DEFAULT_VERBOSITY='1'
AM_V='$(V)'
AUTOCONF='${SHELL} '\''/Users/ful083/AtlantisRepository/HydroConstruct/trunk/missing'\'' autoconf'
AUTOHEADER='${SHELL} '\''/Users/ful083/AtlantisRepository/HydroConstruct/trunk/missing'\'' autoheader'
AUTOMAKE='${SHELL} '\''/Users/ful083/AtlantisRepository/HydroConstruct/trunk/missing'\'' automake-1.16'
AWK='awk'
CC='gcc'
CCDEPMODE='depmode=gcc3'
CFLAGS='-g -O2'
CPPFLAGS=''
CYGPATH_W='echo'
DEFS='-DHAVE_CONFIG_H'
DEPDIR='.deps'
ECHO_C='\c'
ECHO_N=''
ECHO_T=''
EXEEXT=''
INSTALL_DATA='${INSTALL} -m 644'
INSTALL_PROGRAM='${INSTALL}'
INSTALL_SCRIPT='${INSTALL}'
INSTALL_STRIP_PROGRAM='$(install_sh) -c -s'
LDFLAGS=''
LIBOBJS=''
LIBS='-lnetcdf -lm '
LTLIBOBJS=''
MAKEINFO='${SHELL} '\''/Users/ful083/AtlantisRepository/HydroConstruct/trunk/missing'\'' makeinfo'
MKDIR_P='/opt/local/bin/gmkdir -p'
OBJEXT='o'
PACKAGE='hydroconstruct'
PACKAGE_BUGREPORT='bec.gorton@csiro.au'
PACKAGE_NAME='HydroConstruct'
PACKAGE_STRING='HydroConstruct 1.0'
PACKAGE_TARNAME='hydroconstruct'
PACKAGE_URL=''
PACKAGE_VERSION='1.0'
PATH_SEPARATOR=':'
SET_MAKE=''
SHELL='/bin/sh'
STRIP=''
VERSION='1.0'
ac_ct_CC='gcc'
am__EXEEXT_FALSE=''
am__EXEEXT_TRUE='#'
am__fastdepCC_FALSE='#'
am__fastdepCC_TRUE=''
am__include='include'
am__isrc=''
am__leading_dot='.'
am__nodep='_no'
am__quote=''
am__tar='$${TAR-tar} chof - "$$tardir"'
am__untar='$${TAR-tar} xf -'
bindir='${exec_prefix}/bin'
build='x86_64-apple-darwin20.6.0'
build_alias=''
build_cpu='x86_64'
build_os='darwin20.6.0'
build_vendor='apple'
datadir='${datarootdir}'
datarootdir='${prefix}/share'
docdir='${datarootdir}/doc/${PACKAGE_TARNAME}'
dvidir='${docdir}'
exec_prefix='${prefix}'
host='x86_64-apple-darwin20.6.0'
host_alias=''
host_cpu='x86_64'
host_os='darwin20.6.0'
host_vendor='apple'
htmldir='${docdir}'
includedir='${prefix}/include'
infodir='${datarootdir}/info'
install_sh='${SHELL} /Users/ful083/AtlantisRepository/HydroConstruct/trunk/install-sh'
libdir='${exec_prefix}/lib'
libexecdir='${exec_prefix}/libexec'
localedir='${datarootdir}/locale'
localstatedir='${prefix}/var'
mandir='${datarootdir}/man'
mkdir_p='$(MKDIR_P)'
oldincludedir='/usr/include'
pdfdir='${docdir}'
prefix='/usr/local'
program_transform_name='s,x,x,'
psdir='${docdir}'
runstatedir='${localstatedir}/run'
sbindir='${exec_prefix}/sbin'
sharedstatedir='${prefix}/com'
sysconfdir='${prefix}/etc'
target_alias=''

## ----------- ##
## confdefs.h. ##
## ----------- ##

/* confdefs.h */
#define PACKAGE_NAME "HydroConstruct"
#define PACKAGE_TARNAME "hydroconstruct"
#define PACKAGE_VERSION "1.0"
#define PACKAGE_STRING "HydroConstruct 1.0"
#define PACKAGE_BUGREPORT "bec.gorton@csiro.au"
#define PACKAGE_URL ""
#define PACKAGE "hydroconstruct"
#define VERSION "1.0"
#define HAVE_LIBM 1
#define HAVE_LIBNETCDF 1
#define HAVE_STDIO_H 1
#define HAVE_STDLIB_H 1
#define HAVE_STRING_H 1
#define HAVE_INTTYPES_H 1
#define HAVE_STDINT_H 1
#define HAVE_STRINGS_H 1
#define HAVE_SYS_STAT_H 1
#define HAVE_SYS_TYPES_H 1
#define HAVE_UNISTD_H 1
#define STDC_HEADERS 1
#define HAVE_FCNTL_H 1
#define HAVE_STDLIB_H 1
#define HAVE_STRING_H 1
#define HAVE_MALLOC 1
#define HAVE_FLOOR 1
#define HAVE_MEMSET 1
#define HAVE_POW 1
#define HAVE_STRRCHR 1
#define HAVE_STRSTR 1

configure: exit 0
